**
(TomTat.tex
LaTeX2e <2021-11-15> patch level 1
L3 programming layer <2022-02-24> (article.cls
Document Class: article 2021/10/04 v1.4n Standard LaTeX document class
(size10.clo
File: size10.clo 2021/10/04 v1.4n Standard LaTeX file (size option)
)
\c@part=\count181
\c@section=\count182
\c@subsection=\count183
\c@subsubsection=\count184
\c@paragraph=\count185
\c@subparagraph=\count186
\c@figure=\count187
\c@table=\count188
\abovecaptionskip=\skip47
\belowcaptionskip=\skip48
\bibindent=\dimen138
) (iftex.sty
Package: iftex 2022/02/03 v1.0f TeX engine tests
) (babel.sty
Package: babel 2022/02/26 3.73 The Babel package
\babel@savecnt=\count189
\U@D=\dimen139
\l@unhyphenated=\language87
 (xebabel.def (txtbabel.def))
\bbl@readstream=\read2
\bbl@dirlevel=\count190

(vietnamese.ldf
Language: vietnamese 


Package babel Warning: No hyphenation patterns were preloaded for
(babel)                the language 'Vietnamese' into the format.
(babel)                Please, configure your TeX system to add them and
(babel)                rebuild the format. Now I will use the patterns
(babel)                preloaded for \language=0 instead on input line 36.

Package babel Info: Hyphen rules for 'vietnamese' set to \l@english
(babel)             (\language0). Reported on input line 37.
Package babel Info: Hyphen rules for 'vietnam' set to \l@english
(babel)             (\language0). Reported on input line 38.
Package babel Info: Making " an active character on input line 147.
)) (fontspec.sty (xparse.sty (expl3.sty
Package: expl3 2022-02-24 L3 programming layer (loader) 
 (l3backend-xetex.def
File: l3backend-xetex.def 2022-02-07 L3 backend support: XeTeX
\c__kernel_sys_dvipdfmx_version_int=\count191
\l__color_backend_stack_int=\count192
\g__color_backend_stack_int=\count193
\g__graphics_track_int=\count194
\l__pdf_internal_box=\box50
\g__pdf_backend_object_int=\count195
\g__pdf_backend_annotation_int=\count196
\g__pdf_backend_link_int=\count197
))
Package: xparse 2022-01-12 L3 Experimental document command parser
)
Package: fontspec 2022/01/15 v2.8a Font selection for XeLaTeX and LuaLaTeX

(fontspec-xetex.sty
Package: fontspec-xetex 2022/01/15 v2.8a Font selection for XeLaTeX and LuaLaTe
X
\l__fontspec_script_int=\count198
\l__fontspec_language_int=\count199
\l__fontspec_strnum_int=\count266
\l__fontspec_tmp_int=\count267
\l__fontspec_tmpa_int=\count268
\l__fontspec_tmpb_int=\count269
\l__fontspec_tmpc_int=\count270
\l__fontspec_em_int=\count271
\l__fontspec_emdef_int=\count272
\l__fontspec_strong_int=\count273
\l__fontspec_strongdef_int=\count274
\l__fontspec_tmpa_dim=\dimen140
\l__fontspec_tmpb_dim=\dimen141
\l__fontspec_tmpc_dim=\dimen142
 (fontenc.sty
Package: fontenc 2021/04/29 v2.0v Standard LaTeX package
) (fontspec.cfg)))

Package fontspec Info: Font family 'TimesNewRoman(0)' created for font 'Times
(fontspec)             New Roman' with options [Ligatures=TeX,Ligatures=TeX].
(fontspec)              
(fontspec)              This font family consists of the following NFSS
(fontspec)             series/shapes:
(fontspec)              
(fontspec)             - 'normal' (m/n) with NFSS spec.: <->"Times New
(fontspec)             Roman/OT:script=latn;language=dflt;mapping=tex-text;"
(fontspec)             - 'small caps'  (m/sc) with NFSS spec.: <->"Times New
(fontspec)             Roman/OT:script=latn;language=dflt;+smcp;mapping=tex-tex
t;"
(fontspec)             - 'bold' (b/n) with NFSS spec.: <->"Times New
(fontspec)             Roman/B/OT:script=latn;language=dflt;mapping=tex-text;"
(fontspec)             - 'bold small caps'  (b/sc) with NFSS spec.: <->"Times
(fontspec)             New
(fontspec)             Roman/B/OT:script=latn;language=dflt;+smcp;mapping=tex-t
ext;"
(fontspec)             - 'italic' (m/it) with NFSS spec.: <->"Times New
(fontspec)             Roman/I/OT:script=latn;language=dflt;mapping=tex-text;"
(fontspec)             - 'italic small caps'  (m/scit) with NFSS spec.:
(fontspec)             <->"Times New
(fontspec)             Roman/I/OT:script=latn;language=dflt;+smcp;mapping=tex-t
ext;"
(fontspec)             - 'bold italic' (b/it) with NFSS spec.: <->"Times New
(fontspec)             Roman/BI/OT:script=latn;language=dflt;mapping=tex-text;"

(fontspec)             - 'bold italic small caps'  (b/scit) with NFSS spec.:
(fontspec)             <->"Times New
(fontspec)             Roman/BI/OT:script=latn;language=dflt;+smcp;mapping=tex-
text;"


Package fontspec Info: Font family 'Arial(0)' created for font 'Arial' with
(fontspec)             options [Ligatures=TeX,Ligatures=TeX].
(fontspec)              
(fontspec)              This font family consists of the following NFSS
(fontspec)             series/shapes:
(fontspec)              
(fontspec)             - 'normal' (m/n) with NFSS spec.:
(fontspec)             <->"Arial/OT:script=latn;language=dflt;mapping=tex-text;
"
(fontspec)             - 'small caps'  (m/sc) with NFSS spec.:
(fontspec)             <->"Arial/OT:script=latn;language=dflt;+smcp;mapping=tex
-text;"
(fontspec)             - 'bold' (b/n) with NFSS spec.:
(fontspec)             <->"Arial/B/OT:script=latn;language=dflt;mapping=tex-tex
t;"
(fontspec)             - 'bold small caps'  (b/sc) with NFSS spec.:
(fontspec)             <->"Arial/B/OT:script=latn;language=dflt;+smcp;mapping=t
ex-text;"
(fontspec)             - 'italic' (m/it) with NFSS spec.:
(fontspec)             <->"Arial/I/OT:script=latn;language=dflt;mapping=tex-tex
t;"
(fontspec)             - 'italic small caps'  (m/scit) with NFSS spec.:
(fontspec)             <->"Arial/I/OT:script=latn;language=dflt;+smcp;mapping=t
ex-text;"
(fontspec)             - 'bold italic' (b/it) with NFSS spec.:
(fontspec)             <->"Arial/BI/OT:script=latn;language=dflt;mapping=tex-te
xt;"
(fontspec)             - 'bold italic small caps'  (b/scit) with NFSS spec.:
(fontspec)             <->"Arial/BI/OT:script=latn;language=dflt;+smcp;mapping=
tex-text;"


Package fontspec Info: Font family 'Arial(1)' created for font 'Arial' with
(fontspec)             options [Ligatures=TeX].
(fontspec)              
(fontspec)              This font family consists of the following NFSS
(fontspec)             series/shapes:
(fontspec)              
(fontspec)             - 'normal' (m/n) with NFSS spec.:
(fontspec)             <->"Arial/OT:script=latn;language=dflt;mapping=tex-text;
"
(fontspec)             - 'small caps'  (m/sc) with NFSS spec.:
(fontspec)             <->"Arial/OT:script=latn;language=dflt;+smcp;mapping=tex
-text;"
(fontspec)             - 'bold' (b/n) with NFSS spec.:
(fontspec)             <->"Arial/B/OT:script=latn;language=dflt;mapping=tex-tex
t;"
(fontspec)             - 'bold small caps'  (b/sc) with NFSS spec.:
(fontspec)             <->"Arial/B/OT:script=latn;language=dflt;+smcp;mapping=t
ex-text;"
(fontspec)             - 'italic' (m/it) with NFSS spec.:
(fontspec)             <->"Arial/I/OT:script=latn;language=dflt;mapping=tex-tex
t;"
(fontspec)             - 'italic small caps'  (m/scit) with NFSS spec.:
(fontspec)             <->"Arial/I/OT:script=latn;language=dflt;+smcp;mapping=t
ex-text;"
(fontspec)             - 'bold italic' (b/it) with NFSS spec.:
(fontspec)             <->"Arial/BI/OT:script=latn;language=dflt;mapping=tex-te
xt;"
(fontspec)             - 'bold italic small caps'  (b/scit) with NFSS spec.:
(fontspec)             <->"Arial/BI/OT:script=latn;language=dflt;+smcp;mapping=
tex-text;"

 (geometry.sty
Package: geometry 2020/01/02 v5.9 Page Geometry
 (keyval.sty
Package: keyval 2014/10/28 v1.15 key=value parser (DPC)
\KV@toks@=\toks16
)
(ifvtex.sty
Package: ifvtex 2019/10/25 v1.7 ifvtex legacy package. Use iftex instead.
)
\Gm@cnth=\count275
\Gm@cntv=\count276
\c@Gm@tempcnt=\count277
\Gm@bindingoffset=\dimen143
\Gm@wd@mp=\dimen144
\Gm@odd@mp=\dimen145
\Gm@even@mp=\dimen146
\Gm@layoutwidth=\dimen147
\Gm@layoutheight=\dimen148
\Gm@layouthoffset=\dimen149
\Gm@layoutvoffset=\dimen150
\Gm@dimlist=\toks17
) (amsmath.sty
Package: amsmath 2021/10/15 v2.17l AMS math features
\@mathmargin=\skip49

For additional information on amsmath, use the `?' option.
(amstext.sty
Package: amstext 2021/08/26 v2.01 AMS text
 (amsgen.sty
File: amsgen.sty 1999/11/30 v2.0 generic functions
\@emptytoks=\toks18
\ex@=\dimen151
)) (amsbsy.sty
Package: amsbsy 1999/11/29 v1.2d Bold Symbols
\pmbraise@=\dimen152
) (amsopn.sty
Package: amsopn 2021/08/26 v2.02 operator names
)
\inf@bad=\count278
LaTeX Info: Redefining \frac on input line 234.
\uproot@=\count279
\leftroot@=\count280
LaTeX Info: Redefining \overline on input line 399.
\classnum@=\count281
\DOTSCASE@=\count282
LaTeX Info: Redefining \ldots on input line 496.
LaTeX Info: Redefining \dots on input line 499.
LaTeX Info: Redefining \cdots on input line 620.
\Mathstrutbox@=\box51
\strutbox@=\box52
\big@size=\dimen153
LaTeX Font Info:    Redeclaring font encoding OML on input line 743.
LaTeX Font Info:    Redeclaring font encoding OMS on input line 744.
\macc@depth=\count283
\c@MaxMatrixCols=\count284
\dotsspace@=\muskip16
\c@parentequation=\count285
\dspbrk@lvl=\count286
\tag@help=\toks19
\row@=\count287
\column@=\count288
\maxfields@=\count289
\andhelp@=\toks20
\eqnshift@=\dimen154
\alignsep@=\dimen155
\tagshift@=\dimen156
\tagwidth@=\dimen157
\totwidth@=\dimen158
\lineht@=\dimen159
\@envbody=\toks21
\multlinegap=\skip50
\multlinetaggap=\skip51
\mathdisplay@stack=\toks22
LaTeX Info: Redefining \[ on input line 2938.
LaTeX Info: Redefining \] on input line 2939.
) (amssymb.sty
Package: amssymb 2013/01/14 v3.01 AMS font symbols

(amsfonts.sty
Package: amsfonts 2013/01/14 v3.01 Basic AMSFonts support
\symAMSa=\mathgroup4
\symAMSb=\mathgroup5
LaTeX Font Info:    Redeclaring math symbol \hbar on input line 98.
LaTeX Font Info:    Overwriting math alphabet `\mathfrak' in version `bold'
(Font)                  U/euf/m/n --> U/euf/b/n on input line 106.
)) (graphicx.sty
Package: graphicx 2021/09/16 v1.2d Enhanced LaTeX Graphics (DPC,SPQR)
 (graphics.sty
Package: graphics 2021/03/04 v1.4d Standard LaTeX Graphics (DPC,SPQR)
 (trig.sty
Package: trig 2021/08/11 v1.11 sin cos tan (DPC)
) (graphics.cfg
File: graphics.cfg 2016/06/04 v1.11 sample graphics configuration
)
Package graphics Info: Driver file: xetex.def on input line 107.

(xetex.def
File: xetex.def 2021/03/18 v5.0k Graphics/color driver for xetex
))
\Gin@req@height=\dimen160
\Gin@req@width=\dimen161
) (array.sty
Package: array 2021/10/04 v2.5f Tabular extension package (FMi)
\col@sep=\dimen162
\ar@mcellbox=\box53
\extrarowheight=\dimen163
\NC@list=\toks23
\extratabsurround=\skip52
\backup@length=\skip53
\ar@cellbox=\box54
) (longtable.sty
Package: longtable 2021-09-01 v4.17 Multi-page Table package (DPC)
\LTleft=\skip54
\LTright=\skip55
\LTpre=\skip56
\LTpost=\skip57
\LTchunksize=\count290
\LTcapwidth=\dimen164
\LT@head=\box55
\LT@firsthead=\box56
\LT@foot=\box57
\LT@lastfoot=\box58
\LT@gbox=\box59
\LT@cols=\count291
\LT@rows=\count292
\c@LT@tables=\count293
\c@LT@chunks=\count294
\LT@p@ftn=\toks24
) (caption.sty
Package: caption 2022/03/01 v3.6b Customizing captions (AR)
 (caption3.sty
Package: caption3 2022/03/17 v2.3b caption3 kernel (AR)
\caption@tempdima=\dimen165
\captionmargin=\dimen166
\caption@leftmargin=\dimen167
\caption@rightmargin=\dimen168
\caption@width=\dimen169
\caption@indent=\dimen170
\caption@parindent=\dimen171
\caption@hangindent=\dimen172
Package caption Info: Standard document class detected.
)
\c@caption@flags=\count295
\c@continuedfloat=\count296
Package caption Info: longtable package is loaded.

(ltcaption.sty
Package: ltcaption 2021/01/08 v1.4c longtable captions (AR)
)) (subcaption.sty
Package: subcaption 2022/01/07 v1.5 Sub-captions (AR)
\c@subfigure=\count297
\c@subtable=\count298
) (float.sty
Package: float 2001/11/08 v1.3d Float enhancements (AL)
\c@float@type=\count299
\float@exts=\toks25
\float@box=\box60
\@float@everytoks=\toks26
\@floatcapt=\box61
) (enumitem.sty
Package: enumitem 2019/06/20 v3.9 Customized lists
\labelindent=\skip58
\enit@outerparindent=\dimen173
\enit@toks=\toks27
\enit@inbox=\box62
\enit@count@id=\count300
\enitdp@description=\count301
) (fancyhdr.sty
Package: fancyhdr 2021/01/28 v4.0.1 Extensive control of page headers and foote
rs
\f@nch@headwidth=\skip59
\f@nch@O@elh=\skip60
\f@nch@O@erh=\skip61
\f@nch@O@olh=\skip62
\f@nch@O@orh=\skip63
\f@nch@O@elf=\skip64
\f@nch@O@erf=\skip65
\f@nch@O@olf=\skip66
\f@nch@O@orf=\skip67
)
(titlesec.sty
Package: titlesec 2021/07/05 v2.14 Sectioning titles
\ttl@box=\box63
\beforetitleunit=\skip68
\aftertitleunit=\skip69
\ttl@plus=\dimen174
\ttl@minus=\dimen175
\ttl@toksa=\toks28
\titlewidth=\dimen176
\titlewidthlast=\dimen177
\titlewidthfirst=\dimen178
) (indentfirst.sty
Package: indentfirst 1995/11/23 v1.03 Indent first paragraph (DPC)
) (url.sty
\Urlmuskip=\muskip17
Package: url 2013/09/16  ver 3.4  Verb mode for urls, etc.
) (cite.sty
LaTeX Info: Redefining \cite on input line 302.
LaTeX Info: Redefining \nocite on input line 332.
Package: cite 2015/02/27  v 5.5
)
\fairfigurewidth=\skip70
 (TomTat.aux)
\openout1 = `TomTat.aux'.

LaTeX Font Info:    Checking defaults for OML/cmm/m/it on input line 245.
LaTeX Font Info:    ... okay on input line 245.
LaTeX Font Info:    Checking defaults for OMS/cmsy/m/n on input line 245.
LaTeX Font Info:    ... okay on input line 245.
LaTeX Font Info:    Checking defaults for OT1/cmr/m/n on input line 245.
LaTeX Font Info:    ... okay on input line 245.
LaTeX Font Info:    Checking defaults for T1/cmr/m/n on input line 245.
LaTeX Font Info:    ... okay on input line 245.
LaTeX Font Info:    Checking defaults for TS1/cmr/m/n on input line 245.
LaTeX Font Info:    Trying to load font information for TS1+cmr on input line 2
45.
 (ts1cmr.fd
File: ts1cmr.fd 2019/12/16 v2.5j Standard LaTeX font definitions
)
LaTeX Font Info:    ... okay on input line 245.
LaTeX Font Info:    Checking defaults for TU/lmr/m/n on input line 245.
LaTeX Font Info:    ... okay on input line 245.
LaTeX Font Info:    Checking defaults for OMX/cmex/m/n on input line 245.
LaTeX Font Info:    ... okay on input line 245.
LaTeX Font Info:    Checking defaults for U/cmr/m/n on input line 245.
LaTeX Font Info:    ... okay on input line 245.

Package fontspec Info: Adjusting the maths setup (use [no-math] to avoid
(fontspec)             this).

\symlegacymaths=\mathgroup6
LaTeX Font Info:    Overwriting symbol font `legacymaths' in version `bold'
(Font)                  OT1/cmr/m/n --> OT1/cmr/bx/n on input line 245.
LaTeX Font Info:    Redeclaring math accent \acute on input line 245.
LaTeX Font Info:    Redeclaring math accent \grave on input line 245.
LaTeX Font Info:    Redeclaring math accent \ddot on input line 245.
LaTeX Font Info:    Redeclaring math accent \tilde on input line 245.
LaTeX Font Info:    Redeclaring math accent \bar on input line 245.
LaTeX Font Info:    Redeclaring math accent \breve on input line 245.
LaTeX Font Info:    Redeclaring math accent \check on input line 245.
LaTeX Font Info:    Redeclaring math accent \hat on input line 245.
LaTeX Font Info:    Redeclaring math accent \dot on input line 245.
LaTeX Font Info:    Redeclaring math accent \mathring on input line 245.
LaTeX Font Info:    Redeclaring math symbol \Gamma on input line 245.
LaTeX Font Info:    Redeclaring math symbol \Delta on input line 245.
LaTeX Font Info:    Redeclaring math symbol \Theta on input line 245.
LaTeX Font Info:    Redeclaring math symbol \Lambda on input line 245.
LaTeX Font Info:    Redeclaring math symbol \Xi on input line 245.
LaTeX Font Info:    Redeclaring math symbol \Pi on input line 245.
LaTeX Font Info:    Redeclaring math symbol \Sigma on input line 245.
LaTeX Font Info:    Redeclaring math symbol \Upsilon on input line 245.
LaTeX Font Info:    Redeclaring math symbol \Phi on input line 245.
LaTeX Font Info:    Redeclaring math symbol \Psi on input line 245.
LaTeX Font Info:    Redeclaring math symbol \Omega on input line 245.
LaTeX Font Info:    Redeclaring math symbol \mathdollar on input line 245.
LaTeX Font Info:    Redeclaring symbol font `operators' on input line 245.
LaTeX Font Info:    Encoding `OT1' has changed to `TU' for symbol font
(Font)              `operators' in the math version `normal' on input line 245.

LaTeX Font Info:    Overwriting symbol font `operators' in version `normal'
(Font)                  OT1/cmr/m/n --> TU/TimesNewRoman(0)/m/n on input line 2
45.
LaTeX Font Info:    Encoding `OT1' has changed to `TU' for symbol font
(Font)              `operators' in the math version `bold' on input line 245.
LaTeX Font Info:    Overwriting symbol font `operators' in version `bold'
(Font)                  OT1/cmr/bx/n --> TU/TimesNewRoman(0)/m/n on input line 
245.
LaTeX Font Info:    Overwriting symbol font `operators' in version `normal'
(Font)                  TU/TimesNewRoman(0)/m/n --> TU/TimesNewRoman(0)/m/n on 
input line 245.
LaTeX Font Info:    Overwriting math alphabet `\mathit' in version `normal'
(Font)                  OT1/cmr/m/it --> TU/TimesNewRoman(0)/m/it on input line
 245.
LaTeX Font Info:    Overwriting math alphabet `\mathbf' in version `normal'
(Font)                  OT1/cmr/bx/n --> TU/TimesNewRoman(0)/b/n on input line 
245.
LaTeX Font Info:    Overwriting math alphabet `\mathsf' in version `normal'
(Font)                  OT1/cmss/m/n --> TU/Arial(0)/m/n on input line 245.
LaTeX Font Info:    Overwriting math alphabet `\mathtt' in version `normal'
(Font)                  OT1/cmtt/m/n --> TU/lmtt/m/n on input line 245.
LaTeX Font Info:    Overwriting symbol font `operators' in version `bold'
(Font)                  TU/TimesNewRoman(0)/m/n --> TU/TimesNewRoman(0)/b/n on 
input line 245.
LaTeX Font Info:    Overwriting math alphabet `\mathit' in version `bold'
(Font)                  OT1/cmr/bx/it --> TU/TimesNewRoman(0)/b/it on input lin
e 245.
LaTeX Font Info:    Overwriting math alphabet `\mathsf' in version `bold'
(Font)                  OT1/cmss/bx/n --> TU/Arial(0)/b/n on input line 245.
LaTeX Font Info:    Overwriting math alphabet `\mathtt' in version `bold'
(Font)                  OT1/cmtt/m/n --> TU/lmtt/b/n on input line 245.

*geometry* driver: auto-detecting
*geometry* detected driver: xetex
*geometry* verbose mode - [ preamble ] result:
* driver: xetex
* paper: custom
* layout: <same size as paper>
* layoutoffset:(h,v)=(0.0pt,0.0pt)
* modes: twoside 
* h-part:(L,W,R)=(51.21504pt, 480.85141pt, 51.21504pt)
* v-part:(T,H,B)=(62.59596pt, 725.54529pt, 51.21504pt)
* \paperwidth=583.2815pt
* \paperheight=839.3563pt
* \textwidth=480.85141pt
* \textheight=725.54529pt
* \oddsidemargin=-21.05495pt
* \evensidemargin=-21.05495pt
* \topmargin=-32.45494pt
* \headheight=11.4pt
* \headsep=11.38092pt
* \topskip=10.0pt
* \footskip=22.76228pt
* \marginparwidth=121.0pt
* \marginparsep=11.0pt
* \columnsep=10.0pt
* \skip\footins=9.0pt plus 4.0pt minus 2.0pt
* \hoffset=0.0pt
* \voffset=0.0pt
* \mag=1000
* \@twocolumnfalse
* \@twosidetrue
* \@mparswitchtrue
* \@reversemarginfalse
* (1in=72.27pt=25.4mm, 1cm=28.453pt)

Package caption Info: Begin \AtBeginDocument code.
Package caption Info: float package is loaded.
Package caption Info: End \AtBeginDocument code.
[1

]
LaTeX Font Info:    Trying to load font information for U+msa on input line 286
.
 (umsa.fd
File: umsa.fd 2013/01/14 v3.01 AMS symbols A
)
LaTeX Font Info:    Trying to load font information for U+msb on input line 286
.
 (umsb.fd
File: umsb.fd 2013/01/14 v3.01 AMS symbols B
) [2] [3]
File: uploads/sodo.drawio.drawio.png Graphic file (type bmp)
<uploads/sodo.drawio.drawio.png>
 [4] [5] [6]
File: acc-loss/train_val_accuracy_comparison.png Graphic file (type bmp)
<acc-loss/train_val_accuracy_comparison.png>
File: acc-loss/acc-lightgbm.png Graphic file (type bmp)
<acc-loss/acc-lightgbm.png>
File: acc-loss/acc-xgboost.png Graphic file (type bmp)
<acc-loss/acc-xgboost.png>
File: acc-loss/acc-tcn.png Graphic file (type bmp)
<acc-loss/acc-tcn.png>
File: acc-loss/acc-lstm.png Graphic file (type bmp)
<acc-loss/acc-lstm.png>
File: acc-loss/acc-patchtst.png Graphic file (type bmp)
<acc-loss/acc-patchtst.png>
File: acc-loss/acc-tlstm.png Graphic file (type bmp)
<acc-loss/acc-tlstm.png>
File: acc-loss/acc-graph.png Graphic file (type bmp)
<acc-loss/acc-graph.png>
 [7]
File: acc-loss/train_val_loss_comparison.png Graphic file (type bmp)
<acc-loss/train_val_loss_comparison.png>
 [8]
File: acc-loss/loss-lightgbm.png Graphic file (type bmp)
<acc-loss/loss-lightgbm.png>
File: acc-loss/loss-xgboost.png Graphic file (type bmp)
<acc-loss/loss-xgboost.png>
File: acc-loss/loss-tcn.png Graphic file (type bmp)
<acc-loss/loss-tcn.png>
File: acc-loss/loss-lstm.png Graphic file (type bmp)
<acc-loss/loss-lstm.png>
File: acc-loss/loss-oatchtst.png Graphic file (type bmp)
<acc-loss/loss-oatchtst.png>
File: acc-loss/loss-tlstm.png Graphic file (type bmp)
<acc-loss/loss-tlstm.png>
File: acc-loss/loss-graph.png Graphic file (type bmp)
<acc-loss/loss-graph.png>
File: acc-loss/time-train.png Graphic file (type bmp)
<acc-loss/time-train.png>
 [9]
File: acc-loss/test_accuracy_scenario_comparison.png Graphic file (type bmp)
<acc-loss/test_accuracy_scenario_comparison.png>
File: acc-loss/distressed_precision_test_comparison.png Graphic file (type bmp)

<acc-loss/distressed_precision_test_comparison.png>
File: acc-loss/hy_precision_test_comparison.png Graphic file (type bmp)
<acc-loss/hy_precision_test_comparison.png>
 [10]
File: acc-loss/ig_precision_test_comparison.png Graphic file (type bmp)
<acc-loss/ig_precision_test_comparison.png>
File: acc-loss/distressed_recall_test_comparison.png Graphic file (type bmp)
<acc-loss/distressed_recall_test_comparison.png>
File: acc-loss/hy_recall_test_comparison.png Graphic file (type bmp)
<acc-loss/hy_recall_test_comparison.png>
 [11]
File: acc-loss/ig_recall_test_comparison.png Graphic file (type bmp)
<acc-loss/ig_recall_test_comparison.png>
File: acc-loss/distressed_f1_score_test_comparison.png Graphic file (type bmp)
<acc-loss/distressed_f1_score_test_comparison.png>
File: acc-loss/hy_f1_score_test_comparison.png Graphic file (type bmp)
<acc-loss/hy_f1_score_test_comparison.png>
 [12]
File: acc-loss/ig_f1_score_test_comparison.png Graphic file (type bmp)
<acc-loss/ig_f1_score_test_comparison.png>
File: acc-loss/cm-lightgbm.png Graphic file (type bmp)
<acc-loss/cm-lightgbm.png>
File: acc-loss/cm-xgboost.png Graphic file (type bmp)
<acc-loss/cm-xgboost.png>
File: acc-loss/cm-tcn.png Graphic file (type bmp)
<acc-loss/cm-tcn.png>
File: acc-loss/cm-lstm.png Graphic file (type bmp)
<acc-loss/cm-lstm.png>
File: acc-loss/cm-patchtst.png Graphic file (type bmp)
<acc-loss/cm-patchtst.png>
File: acc-loss/cm-tlstm.png Graphic file (type bmp)
<acc-loss/cm-tlstm.png>
File: acc-loss/cm-graph.png Graphic file (type bmp)
<acc-loss/cm-graph.png>
File: acc-loss/cm-fittx.png Graphic file (type bmp)
<acc-loss/cm-fittx.png>
File: acc-loss/cm-fipll.png Graphic file (type bmp)
<acc-loss/cm-fipll.png>
File: acc-loss/cm-fittlpxl.png Graphic file (type bmp)
<acc-loss/cm-fittlpxl.png>
File: acc-loss/cm-frttx.png Graphic file (type bmp)
<acc-loss/cm-frttx.png>
File: acc-loss/cm-frpll.png Graphic file (type bmp)
<acc-loss/cm-frpll.png>
File: acc-loss/cm-ttlpxl.png Graphic file (type bmp)
<acc-loss/cm-ttlpxl.png>
File: acc-loss/cm-dmf.png Graphic file (type bmp)
<acc-loss/cm-dmf.png>
 [13]
File: acc-loss/combined_auc_roc_distressed_14_models.png Graphic file (type bmp
)
<acc-loss/combined_auc_roc_distressed_14_models.png>

[14]
File: acc-loss/combined_auc_roc_hy_14_models.png Graphic file (type bmp)
<acc-loss/combined_auc_roc_hy_14_models.png>
File: acc-loss/combined_auc_roc_ig_14_models.png Graphic file (type bmp)
<acc-loss/combined_auc_roc_ig_14_models.png>
 [15]
File: acc-loss/test_inference_time_comparison.png Graphic file (type bmp)
<acc-loss/test_inference_time_comparison.png>
File: acc-loss/shap-lightgbm.png Graphic file (type bmp)
<acc-loss/shap-lightgbm.png>
File: acc-loss/shap-xgboost.png Graphic file (type bmp)
<acc-loss/shap-xgboost.png>
File: acc-loss/shap-tcn.png Graphic file (type bmp)
<acc-loss/shap-tcn.png>
File: acc-loss/shap-lstm.png Graphic file (type bmp)
<acc-loss/shap-lstm.png>
File: acc-loss/shap-patchtst.png Graphic file (type bmp)
<acc-loss/shap-patchtst.png>
File: acc-loss/shap-tlstm.png Graphic file (type bmp)
<acc-loss/shap-tlstm.png>
File: acc-loss/shap-graph.png Graphic file (type bmp)
<acc-loss/shap-graph.png>
File: acc-loss/shap-fittx.png Graphic file (type bmp)
<acc-loss/shap-fittx.png>
File: acc-loss/shap-fipll.png Graphic file (type bmp)
<acc-loss/shap-fipll.png>
File: acc-loss/shap-fittlpxl.png Graphic file (type bmp)
<acc-loss/shap-fittlpxl.png>
File: acc-loss/shap-frttx.png Graphic file (type bmp)
<acc-loss/shap-frttx.png>
File: acc-loss/shap-frpll.png Graphic file (type bmp)
<acc-loss/shap-frpll.png>
File: acc-loss/shap-frttlpxl.png Graphic file (type bmp)
<acc-loss/shap-frttlpxl.png>
File: acc-loss/shap-dmf.png Graphic file (type bmp)
<acc-loss/shap-dmf.png>
 [16] [17] [18] [19]
File: acc-loss/lime-lightgbm.png Graphic file (type bmp)
<acc-loss/lime-lightgbm.png>
File: acc-loss/lime-xgboost.png Graphic file (type bmp)
<acc-loss/lime-xgboost.png>
File: acc-loss/lime-tcn.png Graphic file (type bmp)
<acc-loss/lime-tcn.png>
File: acc-loss/lime-lstm.png Graphic file (type bmp)
<acc-loss/lime-lstm.png>
File: acc-loss/lime-patchtst.png Graphic file (type bmp)
<acc-loss/lime-patchtst.png>
File: acc-loss/lime-tlstm.png Graphic file (type bmp)
<acc-loss/lime-tlstm.png>
File: acc-loss/lime-graph.png Graphic file (type bmp)
<acc-loss/lime-graph.png>
File: acc-loss/lime-fittx.png Graphic file (type bmp)
<acc-loss/lime-fittx.png>
File: acc-loss/lime-fipll.png Graphic file (type bmp)
<acc-loss/lime-fipll.png>
File: acc-loss/lime-ttlpxl.png Graphic file (type bmp)
<acc-loss/lime-ttlpxl.png>
File: acc-loss/lime-frttx.png Graphic file (type bmp)
<acc-loss/lime-frttx.png>
File: acc-loss/lime-frpll.png Graphic file (type bmp)
<acc-loss/lime-frpll.png>
File: acc-loss/lime-frttlpxl.png Graphic file (type bmp)
<acc-loss/lime-frttlpxl.png>
File: acc-loss/lime-dmf.png Graphic file (type bmp)
<acc-loss/lime-dmf.png>
 [20] [21] [22] [23] [24] (TomTat.bbl
** WARNING: IEEEtran.bst: No hyphenation pattern has been
** loaded for the language `en'. Using the pattern for
** the default language instead.
** WARNING: IEEEtran.bst: No hyphenation pattern has been
** loaded for the language `vi'. Using the pattern for
** the default language instead.
** WARNING: IEEEtran.bst: No hyphenation pattern has been
** loaded for the language `vi'. Using the pattern for
** the default language instead.
** WARNING: IEEEtran.bst: No hyphenation pattern has been
** loaded for the language `eng'. Using the pattern for
** the default language instead.
[25]
** WARNING: IEEEtran.bst: No hyphenation pattern has been
** loaded for the language `en'. Using the pattern for
** the default language instead.
** WARNING: IEEEtran.bst: No hyphenation pattern has been
** loaded for the language `en'. Using the pattern for
** the default language instead.
** WARNING: IEEEtran.bst: No hyphenation pattern has been
** loaded for the language `en'. Using the pattern for
** the default language instead.
** WARNING: IEEEtran.bst: No hyphenation pattern has been
** loaded for the language `vi'. Using the pattern for
** the default language instead.
** WARNING: IEEEtran.bst: No hyphenation pattern has been
** loaded for the language `vi'. Using the pattern for
** the default language instead.
** WARNING: IEEEtran.bst: No hyphenation pattern has been
** loaded for the language `vi'. Using the pattern for
** the default language instead.
** WARNING: IEEEtran.bst: No hyphenation pattern has been
** loaded for the language `Vietnamese'. Using the pattern for
** the default language instead.
** WARNING: IEEEtran.bst: No hyphenation pattern has been
** loaded for the language `English'. Using the pattern for
** the default language instead.
** WARNING: IEEEtran.bst: No hyphenation pattern has been
** loaded for the language `English'. Using the pattern for
** the default language instead.
** WARNING: IEEEtran.bst: No hyphenation pattern has been
** loaded for the language `en'. Using the pattern for
** the default language instead.
** WARNING: IEEEtran.bst: No hyphenation pattern has been
** loaded for the language `en'. Using the pattern for
** the default language instead.
** WARNING: IEEEtran.bst: No hyphenation pattern has been
** loaded for the language `en'. Using the pattern for
** the default language instead.
** WARNING: IEEEtran.bst: No hyphenation pattern has been
** loaded for the language `en'. Using the pattern for
** the default language instead.
** WARNING: IEEEtran.bst: No hyphenation pattern has been
** loaded for the language `en'. Using the pattern for
** the default language instead.
[26]
** WARNING: IEEEtran.bst: No hyphenation pattern has been
** loaded for the language `en'. Using the pattern for
** the default language instead.
** WARNING: IEEEtran.bst: No hyphenation pattern has been
** loaded for the language `en'. Using the pattern for
** the default language instead.
** WARNING: IEEEtran.bst: No hyphenation pattern has been
** loaded for the language `en'. Using the pattern for
** the default language instead.
** WARNING: IEEEtran.bst: No hyphenation pattern has been
** loaded for the language `en'. Using the pattern for
** the default language instead.
** WARNING: IEEEtran.bst: No hyphenation pattern has been
** loaded for the language `en'. Using the pattern for
** the default language instead.
) [27] (TomTat.aux) )
Output written on TomTat.xdv (27 pages, 489776 bytes).
